<?xml version="1.0" encoding="UTF-8"?>
<!-- Generated by org.testng.reporters.JUnitReportReporter -->
<testsuite hostname="oIvanenko-p8" failures="0" tests="1" name="tests.SampleTest" time="1.778" errors="0" timestamp="2025-04-25T17:54:03 CEST" skipped="0">
  <testcase classname="tests.SampleTest" name="openSauceDemo" time="1.778"/>
</testsuite> <!-- tests.SampleTest -->
